[2025-09-19 15:56:06,334] [INFO] - --------------------------------------------------
[2025-09-19 15:56:06,334] [INFO] - Training started
[2025-09-19 15:56:06,334] [INFO] - Downloading data from Google Cloud Storage...
[2025-09-19 15:56:10,770] [INFO] - - Downloaded B0005.mat to artifacts/data/B0005.mat
[2025-09-19 15:56:12,379] [INFO] - - Downloaded B0006.mat to artifacts/data/B0006.mat
[2025-09-19 15:56:13,988] [INFO] - - Downloaded B0007.mat to artifacts/data/B0007.mat
[2025-09-19 15:56:15,304] [INFO] - - Downloaded B0018.mat to artifacts/data/B0018.mat
[2025-09-19 15:56:15,304] [INFO] - - Data downloaded from Google Cloud Storage.
[2025-09-19 15:56:15,304] [INFO] - Running training...
[2025-09-19 15:56:15,304] [INFO] - - Preparing data...
[2025-09-19 15:56:15,304] [INFO] - - Converting B0006.mat to dataframe...
[2025-09-19 15:56:15,439] [INFO] - - - B0006.mat converted to dataframe
[2025-09-19 15:56:15,442] [INFO] - - Converting datetime to timestamp...
[2025-09-19 15:56:15,446] [INFO] - - - Datetime converted to timestamp
[2025-09-19 15:56:15,446] [INFO] - - Calculating SOC...
[2025-09-19 15:56:15,449] [INFO] - - - SOC calculated
[2025-09-19 15:56:15,450] [INFO] - - Equalizing data...
[2025-09-19 15:56:15,474] [INFO] - - - Data equalized
[2025-09-19 15:56:15,474] [INFO] - - Exploding data...
[2025-09-19 15:56:15,509] [INFO] - - - Data exploded
[2025-09-19 15:56:15,510] [INFO] - - Converting object columns to numeric...
[2025-09-19 15:56:15,551] [INFO] - - - Object columns converted to numeric
[2025-09-19 15:56:15,551] [INFO] - - Performing feature engineering...
[2025-09-19 15:56:15,554] [INFO] - - - Feature engineering completed
[2025-09-19 15:56:15,554] [INFO] - Data prepared
[2025-09-19 15:56:15,554] [INFO] - - Preparing data...
[2025-09-19 15:56:15,554] [INFO] - - Converting B0007.mat to dataframe...
[2025-09-19 15:56:15,699] [INFO] - - - B0007.mat converted to dataframe
[2025-09-19 15:56:15,702] [INFO] - - Converting datetime to timestamp...
[2025-09-19 15:56:15,708] [INFO] - - - Datetime converted to timestamp
[2025-09-19 15:56:15,708] [INFO] - - Calculating SOC...
[2025-09-19 15:56:15,712] [INFO] - - - SOC calculated
[2025-09-19 15:56:15,712] [INFO] - - Equalizing data...
[2025-09-19 15:56:15,737] [INFO] - - - Data equalized
[2025-09-19 15:56:15,737] [INFO] - - Exploding data...
[2025-09-19 15:56:15,776] [INFO] - - - Data exploded
[2025-09-19 15:56:15,778] [INFO] - - Converting object columns to numeric...
[2025-09-19 15:56:15,815] [INFO] - - - Object columns converted to numeric
[2025-09-19 15:56:15,815] [INFO] - - Performing feature engineering...
[2025-09-19 15:56:15,819] [INFO] - - - Feature engineering completed
[2025-09-19 15:56:15,819] [INFO] - Data prepared
[2025-09-19 15:56:15,819] [INFO] - Training model...
[2025-09-19 15:56:20,523] [INFO] - - Model trained. Training time: 4.704231262207031 seconds
[2025-09-19 15:56:20,523] [INFO] - Evaluating model...
[2025-09-19 15:56:21,740] [INFO] - - Model evaluated
[2025-09-19 15:56:21,741] [INFO] - Saving model...
[2025-09-19 15:56:23,937] [INFO] - - Model saved. Model path: artifacts/models//20250919155623
[2025-09-19 15:56:23,937] [INFO] - Training completed
[2025-09-19 15:56:23,937] [INFO] - --------------------------------------------------